<?xml version="1.0" encoding="UTF-8"?>
<testsuite xmlns:xsi="http://www.w3.org/2001/XMLSchema-instance" xsi:noNamespaceSchemaLocation="https://maven.apache.org/surefire/maven-surefire-plugin/xsd/surefire-test-report.xsd" name="org.dutta.AppTest" time="0" tests="1" errors="0" skipped="0" failures="0">
  <properties>
    <property name="sun.desktop" value="windows"/>
    <property name="awt.toolkit" value="sun.awt.windows.WToolkit"/>
    <property name="java.specification.version" value="11"/>
    <property name="sun.cpu.isalist" value="amd64"/>
    <property name="sun.jnu.encoding" value="Cp1252"/>
    <property name="java.class.path" value="E:\Pranay_Stuff\Saga-Choreography-Design_Pattern\payment-service\target\test-classes;E:\Pranay_Stuff\Saga-Choreography-Design_Pattern\payment-service\target\classes;C:\Users\PRANAY\.m2\repository\org\projectlombok\lombok\1.18.12\lombok-1.18.12.jar;C:\Users\PRANAY\.m2\repository\com\amazonaws\aws-java-sdk-dynamodb\1.11.857\aws-java-sdk-dynamodb-1.11.857.jar;C:\Users\PRANAY\.m2\repository\com\amazonaws\aws-java-sdk-s3\1.11.951\aws-java-sdk-s3-1.11.951.jar;C:\Users\PRANAY\.m2\repository\com\amazonaws\aws-java-sdk-kms\1.11.951\aws-java-sdk-kms-1.11.951.jar;C:\Users\PRANAY\.m2\repository\com\amazonaws\aws-java-sdk-core\1.11.951\aws-java-sdk-core-1.11.951.jar;C:\Users\PRANAY\.m2\repository\org\apache\httpcomponents\httpclient\4.5.12\httpclient-4.5.12.jar;C:\Users\PRANAY\.m2\repository\org\apache\httpcomponents\httpcore\4.4.13\httpcore-4.4.13.jar;C:\Users\PRANAY\.m2\repository\commons-codec\commons-codec\1.14\commons-codec-1.14.jar;C:\Users\PRANAY\.m2\repository\software\amazon\ion\ion-java\1.0.2\ion-java-1.0.2.jar;C:\Users\PRANAY\.m2\repository\com\fasterxml\jackson\core\jackson-databind\2.11.2\jackson-databind-2.11.2.jar;C:\Users\PRANAY\.m2\repository\com\fasterxml\jackson\core\jackson-annotations\2.11.2\jackson-annotations-2.11.2.jar;C:\Users\PRANAY\.m2\repository\com\fasterxml\jackson\core\jackson-core\2.11.2\jackson-core-2.11.2.jar;C:\Users\PRANAY\.m2\repository\com\fasterxml\jackson\dataformat\jackson-dataformat-cbor\2.11.2\jackson-dataformat-cbor-2.11.2.jar;C:\Users\PRANAY\.m2\repository\joda-time\joda-time\2.8.1\joda-time-2.8.1.jar;C:\Users\PRANAY\.m2\repository\com\amazonaws\jmespath-java\1.11.951\jmespath-java-1.11.951.jar;C:\Users\PRANAY\.m2\repository\io\awspring\cloud\spring-cloud-starter-aws-messaging\2.3.0\spring-cloud-starter-aws-messaging-2.3.0.jar;C:\Users\PRANAY\.m2\repository\io\awspring\cloud\spring-cloud-starter-aws\2.3.0\spring-cloud-starter-aws-2.3.0.jar;C:\Users\PRANAY\.m2\repository\io\awspring\cloud\spring-cloud-aws-context\2.3.0\spring-cloud-aws-context-2.3.0.jar;C:\Users\PRANAY\.m2\repository\io\awspring\cloud\spring-cloud-aws-core\2.3.0\spring-cloud-aws-core-2.3.0.jar;C:\Users\PRANAY\.m2\repository\org\springframework\spring-aop\5.2.8.RELEASE\spring-aop-5.2.8.RELEASE.jar;C:\Users\PRANAY\.m2\repository\com\amazonaws\aws-java-sdk-ec2\1.11.951\aws-java-sdk-ec2-1.11.951.jar;C:\Users\PRANAY\.m2\repository\org\springframework\spring-context\5.2.8.RELEASE\spring-context-5.2.8.RELEASE.jar;C:\Users\PRANAY\.m2\repository\org\springframework\spring-expression\5.2.8.RELEASE\spring-expression-5.2.8.RELEASE.jar;C:\Users\PRANAY\.m2\repository\io\awspring\cloud\spring-cloud-aws-autoconfigure\2.3.0\spring-cloud-aws-autoconfigure-2.3.0.jar;C:\Users\PRANAY\.m2\repository\io\awspring\cloud\spring-cloud-aws-messaging\2.3.0\spring-cloud-aws-messaging-2.3.0.jar;C:\Users\PRANAY\.m2\repository\com\amazonaws\aws-java-sdk-sns\1.11.951\aws-java-sdk-sns-1.11.951.jar;C:\Users\PRANAY\.m2\repository\com\amazonaws\aws-java-sdk-sqs\1.11.951\aws-java-sdk-sqs-1.11.951.jar;C:\Users\PRANAY\.m2\repository\org\springframework\spring-messaging\5.2.8.RELEASE\spring-messaging-5.2.8.RELEASE.jar;C:\Users\PRANAY\.m2\repository\org\springframework\spring-beans\5.2.8.RELEASE\spring-beans-5.2.8.RELEASE.jar;C:\Users\PRANAY\.m2\repository\org\slf4j\slf4j-api\1.7.30\slf4j-api-1.7.30.jar;C:\Users\PRANAY\.m2\repository\javax\activation\javax.activation-api\1.2.0\javax.activation-api-1.2.0.jar;C:\Users\PRANAY\.m2\repository\org\dutta\shared\0.0.1-SNAPSHOT\shared-0.0.1-SNAPSHOT.jar;C:\Users\PRANAY\.m2\repository\org\springframework\boot\spring-boot-starter-test\2.3.3.RELEASE\spring-boot-starter-test-2.3.3.RELEASE.jar;C:\Users\PRANAY\.m2\repository\org\springframework\boot\spring-boot-starter\2.3.3.RELEASE\spring-boot-starter-2.3.3.RELEASE.jar;C:\Users\PRANAY\.m2\repository\org\springframework\boot\spring-boot\2.3.3.RELEASE\spring-boot-2.3.3.RELEASE.jar;C:\Users\PRANAY\.m2\repository\org\springframework\boot\spring-boot-autoconfigure\2.3.3.RELEASE\spring-boot-autoconfigure-2.3.3.RELEASE.jar;C:\Users\PRANAY\.m2\repository\org\springframework\boot\spring-boot-starter-logging\2.3.3.RELEASE\spring-boot-starter-logging-2.3.3.RELEASE.jar;C:\Users\PRANAY\.m2\repository\ch\qos\logback\logback-classic\1.2.3\logback-classic-1.2.3.jar;C:\Users\PRANAY\.m2\repository\ch\qos\logback\logback-core\1.2.3\logback-core-1.2.3.jar;C:\Users\PRANAY\.m2\repository\org\apache\logging\log4j\log4j-to-slf4j\2.13.3\log4j-to-slf4j-2.13.3.jar;C:\Users\PRANAY\.m2\repository\org\apache\logging\log4j\log4j-api\2.13.3\log4j-api-2.13.3.jar;C:\Users\PRANAY\.m2\repository\org\slf4j\jul-to-slf4j\1.7.30\jul-to-slf4j-1.7.30.jar;C:\Users\PRANAY\.m2\repository\jakarta\annotation\jakarta.annotation-api\1.3.5\jakarta.annotation-api-1.3.5.jar;C:\Users\PRANAY\.m2\repository\org\yaml\snakeyaml\1.26\snakeyaml-1.26.jar;C:\Users\PRANAY\.m2\repository\org\springframework\boot\spring-boot-test\2.3.3.RELEASE\spring-boot-test-2.3.3.RELEASE.jar;C:\Users\PRANAY\.m2\repository\org\springframework\boot\spring-boot-test-autoconfigure\2.3.3.RELEASE\spring-boot-test-autoconfigure-2.3.3.RELEASE.jar;C:\Users\PRANAY\.m2\repository\com\jayway\jsonpath\json-path\2.4.0\json-path-2.4.0.jar;C:\Users\PRANAY\.m2\repository\net\minidev\json-smart\2.3\json-smart-2.3.jar;C:\Users\PRANAY\.m2\repository\net\minidev\accessors-smart\1.2\accessors-smart-1.2.jar;C:\Users\PRANAY\.m2\repository\org\ow2\asm\asm\5.0.4\asm-5.0.4.jar;C:\Users\PRANAY\.m2\repository\jakarta\xml\bind\jakarta.xml.bind-api\2.3.3\jakarta.xml.bind-api-2.3.3.jar;C:\Users\PRANAY\.m2\repository\jakarta\activation\jakarta.activation-api\1.2.2\jakarta.activation-api-1.2.2.jar;C:\Users\PRANAY\.m2\repository\org\assertj\assertj-core\3.16.1\assertj-core-3.16.1.jar;C:\Users\PRANAY\.m2\repository\org\hamcrest\hamcrest\2.2\hamcrest-2.2.jar;C:\Users\PRANAY\.m2\repository\org\junit\jupiter\junit-jupiter\5.6.2\junit-jupiter-5.6.2.jar;C:\Users\PRANAY\.m2\repository\org\junit\jupiter\junit-jupiter-api\5.6.2\junit-jupiter-api-5.6.2.jar;C:\Users\PRANAY\.m2\repository\org\opentest4j\opentest4j\1.2.0\opentest4j-1.2.0.jar;C:\Users\PRANAY\.m2\repository\org\junit\platform\junit-platform-commons\1.6.2\junit-platform-commons-1.6.2.jar;C:\Users\PRANAY\.m2\repository\org\junit\jupiter\junit-jupiter-params\5.6.2\junit-jupiter-params-5.6.2.jar;C:\Users\PRANAY\.m2\repository\org\junit\jupiter\junit-jupiter-engine\5.6.2\junit-jupiter-engine-5.6.2.jar;C:\Users\PRANAY\.m2\repository\org\junit\vintage\junit-vintage-engine\5.6.2\junit-vintage-engine-5.6.2.jar;C:\Users\PRANAY\.m2\repository\org\apiguardian\apiguardian-api\1.1.0\apiguardian-api-1.1.0.jar;C:\Users\PRANAY\.m2\repository\org\junit\platform\junit-platform-engine\1.6.2\junit-platform-engine-1.6.2.jar;C:\Users\PRANAY\.m2\repository\junit\junit\4.13\junit-4.13.jar;C:\Users\PRANAY\.m2\repository\org\mockito\mockito-core\3.3.3\mockito-core-3.3.3.jar;C:\Users\PRANAY\.m2\repository\net\bytebuddy\byte-buddy\1.10.14\byte-buddy-1.10.14.jar;C:\Users\PRANAY\.m2\repository\net\bytebuddy\byte-buddy-agent\1.10.14\byte-buddy-agent-1.10.14.jar;C:\Users\PRANAY\.m2\repository\org\objenesis\objenesis\2.6\objenesis-2.6.jar;C:\Users\PRANAY\.m2\repository\org\mockito\mockito-junit-jupiter\3.3.3\mockito-junit-jupiter-3.3.3.jar;C:\Users\PRANAY\.m2\repository\org\skyscreamer\jsonassert\1.5.0\jsonassert-1.5.0.jar;C:\Users\PRANAY\.m2\repository\com\vaadin\external\google\android-json\0.0.20131108.vaadin1\android-json-0.0.20131108.vaadin1.jar;C:\Users\PRANAY\.m2\repository\org\springframework\spring-core\5.2.8.RELEASE\spring-core-5.2.8.RELEASE.jar;C:\Users\PRANAY\.m2\repository\org\springframework\spring-jcl\5.2.8.RELEASE\spring-jcl-5.2.8.RELEASE.jar;C:\Users\PRANAY\.m2\repository\org\springframework\spring-test\5.2.8.RELEASE\spring-test-5.2.8.RELEASE.jar;C:\Users\PRANAY\.m2\repository\org\xmlunit\xmlunit-core\2.7.0\xmlunit-core-2.7.0.jar;"/>
    <property name="java.vm.vendor" value="Oracle Corporation"/>
    <property name="sun.arch.data.model" value="64"/>
    <property name="user.variant" value=""/>
    <property name="java.vendor.url" value="https://openjdk.java.net/"/>
    <property name="user.timezone" value="Asia/Calcutta"/>
    <property name="java.vm.specification.version" value="11"/>
    <property name="os.name" value="Windows 10"/>
    <property name="sun.java.launcher" value="SUN_STANDARD"/>
    <property name="user.country" value="US"/>
    <property name="sun.boot.library.path" value="E:\Installation\java11\bin"/>
    <property name="sun.java.command" value="C:\Users\PRANAY\AppData\Local\Temp\surefire17603714891261407394\surefirebooter13689298012623868278.jar C:\Users\PRANAY\AppData\Local\Temp\surefire17603714891261407394 2022-01-20T14-27-20_183-jvmRun1 surefire15327654616600624070tmp surefire_05078955137353013627tmp"/>
    <property name="jdk.debug" value="release"/>
    <property name="surefire.test.class.path" value="E:\Pranay_Stuff\Saga-Choreography-Design_Pattern\payment-service\target\test-classes;E:\Pranay_Stuff\Saga-Choreography-Design_Pattern\payment-service\target\classes;C:\Users\PRANAY\.m2\repository\org\projectlombok\lombok\1.18.12\lombok-1.18.12.jar;C:\Users\PRANAY\.m2\repository\com\amazonaws\aws-java-sdk-dynamodb\1.11.857\aws-java-sdk-dynamodb-1.11.857.jar;C:\Users\PRANAY\.m2\repository\com\amazonaws\aws-java-sdk-s3\1.11.951\aws-java-sdk-s3-1.11.951.jar;C:\Users\PRANAY\.m2\repository\com\amazonaws\aws-java-sdk-kms\1.11.951\aws-java-sdk-kms-1.11.951.jar;C:\Users\PRANAY\.m2\repository\com\amazonaws\aws-java-sdk-core\1.11.951\aws-java-sdk-core-1.11.951.jar;C:\Users\PRANAY\.m2\repository\org\apache\httpcomponents\httpclient\4.5.12\httpclient-4.5.12.jar;C:\Users\PRANAY\.m2\repository\org\apache\httpcomponents\httpcore\4.4.13\httpcore-4.4.13.jar;C:\Users\PRANAY\.m2\repository\commons-codec\commons-codec\1.14\commons-codec-1.14.jar;C:\Users\PRANAY\.m2\repository\software\amazon\ion\ion-java\1.0.2\ion-java-1.0.2.jar;C:\Users\PRANAY\.m2\repository\com\fasterxml\jackson\core\jackson-databind\2.11.2\jackson-databind-2.11.2.jar;C:\Users\PRANAY\.m2\repository\com\fasterxml\jackson\core\jackson-annotations\2.11.2\jackson-annotations-2.11.2.jar;C:\Users\PRANAY\.m2\repository\com\fasterxml\jackson\core\jackson-core\2.11.2\jackson-core-2.11.2.jar;C:\Users\PRANAY\.m2\repository\com\fasterxml\jackson\dataformat\jackson-dataformat-cbor\2.11.2\jackson-dataformat-cbor-2.11.2.jar;C:\Users\PRANAY\.m2\repository\joda-time\joda-time\2.8.1\joda-time-2.8.1.jar;C:\Users\PRANAY\.m2\repository\com\amazonaws\jmespath-java\1.11.951\jmespath-java-1.11.951.jar;C:\Users\PRANAY\.m2\repository\io\awspring\cloud\spring-cloud-starter-aws-messaging\2.3.0\spring-cloud-starter-aws-messaging-2.3.0.jar;C:\Users\PRANAY\.m2\repository\io\awspring\cloud\spring-cloud-starter-aws\2.3.0\spring-cloud-starter-aws-2.3.0.jar;C:\Users\PRANAY\.m2\repository\io\awspring\cloud\spring-cloud-aws-context\2.3.0\spring-cloud-aws-context-2.3.0.jar;C:\Users\PRANAY\.m2\repository\io\awspring\cloud\spring-cloud-aws-core\2.3.0\spring-cloud-aws-core-2.3.0.jar;C:\Users\PRANAY\.m2\repository\org\springframework\spring-aop\5.2.8.RELEASE\spring-aop-5.2.8.RELEASE.jar;C:\Users\PRANAY\.m2\repository\com\amazonaws\aws-java-sdk-ec2\1.11.951\aws-java-sdk-ec2-1.11.951.jar;C:\Users\PRANAY\.m2\repository\org\springframework\spring-context\5.2.8.RELEASE\spring-context-5.2.8.RELEASE.jar;C:\Users\PRANAY\.m2\repository\org\springframework\spring-expression\5.2.8.RELEASE\spring-expression-5.2.8.RELEASE.jar;C:\Users\PRANAY\.m2\repository\io\awspring\cloud\spring-cloud-aws-autoconfigure\2.3.0\spring-cloud-aws-autoconfigure-2.3.0.jar;C:\Users\PRANAY\.m2\repository\io\awspring\cloud\spring-cloud-aws-messaging\2.3.0\spring-cloud-aws-messaging-2.3.0.jar;C:\Users\PRANAY\.m2\repository\com\amazonaws\aws-java-sdk-sns\1.11.951\aws-java-sdk-sns-1.11.951.jar;C:\Users\PRANAY\.m2\repository\com\amazonaws\aws-java-sdk-sqs\1.11.951\aws-java-sdk-sqs-1.11.951.jar;C:\Users\PRANAY\.m2\repository\org\springframework\spring-messaging\5.2.8.RELEASE\spring-messaging-5.2.8.RELEASE.jar;C:\Users\PRANAY\.m2\repository\org\springframework\spring-beans\5.2.8.RELEASE\spring-beans-5.2.8.RELEASE.jar;C:\Users\PRANAY\.m2\repository\org\slf4j\slf4j-api\1.7.30\slf4j-api-1.7.30.jar;C:\Users\PRANAY\.m2\repository\javax\activation\javax.activation-api\1.2.0\javax.activation-api-1.2.0.jar;C:\Users\PRANAY\.m2\repository\org\dutta\shared\0.0.1-SNAPSHOT\shared-0.0.1-SNAPSHOT.jar;C:\Users\PRANAY\.m2\repository\org\springframework\boot\spring-boot-starter-test\2.3.3.RELEASE\spring-boot-starter-test-2.3.3.RELEASE.jar;C:\Users\PRANAY\.m2\repository\org\springframework\boot\spring-boot-starter\2.3.3.RELEASE\spring-boot-starter-2.3.3.RELEASE.jar;C:\Users\PRANAY\.m2\repository\org\springframework\boot\spring-boot\2.3.3.RELEASE\spring-boot-2.3.3.RELEASE.jar;C:\Users\PRANAY\.m2\repository\org\springframework\boot\spring-boot-autoconfigure\2.3.3.RELEASE\spring-boot-autoconfigure-2.3.3.RELEASE.jar;C:\Users\PRANAY\.m2\repository\org\springframework\boot\spring-boot-starter-logging\2.3.3.RELEASE\spring-boot-starter-logging-2.3.3.RELEASE.jar;C:\Users\PRANAY\.m2\repository\ch\qos\logback\logback-classic\1.2.3\logback-classic-1.2.3.jar;C:\Users\PRANAY\.m2\repository\ch\qos\logback\logback-core\1.2.3\logback-core-1.2.3.jar;C:\Users\PRANAY\.m2\repository\org\apache\logging\log4j\log4j-to-slf4j\2.13.3\log4j-to-slf4j-2.13.3.jar;C:\Users\PRANAY\.m2\repository\org\apache\logging\log4j\log4j-api\2.13.3\log4j-api-2.13.3.jar;C:\Users\PRANAY\.m2\repository\org\slf4j\jul-to-slf4j\1.7.30\jul-to-slf4j-1.7.30.jar;C:\Users\PRANAY\.m2\repository\jakarta\annotation\jakarta.annotation-api\1.3.5\jakarta.annotation-api-1.3.5.jar;C:\Users\PRANAY\.m2\repository\org\yaml\snakeyaml\1.26\snakeyaml-1.26.jar;C:\Users\PRANAY\.m2\repository\org\springframework\boot\spring-boot-test\2.3.3.RELEASE\spring-boot-test-2.3.3.RELEASE.jar;C:\Users\PRANAY\.m2\repository\org\springframework\boot\spring-boot-test-autoconfigure\2.3.3.RELEASE\spring-boot-test-autoconfigure-2.3.3.RELEASE.jar;C:\Users\PRANAY\.m2\repository\com\jayway\jsonpath\json-path\2.4.0\json-path-2.4.0.jar;C:\Users\PRANAY\.m2\repository\net\minidev\json-smart\2.3\json-smart-2.3.jar;C:\Users\PRANAY\.m2\repository\net\minidev\accessors-smart\1.2\accessors-smart-1.2.jar;C:\Users\PRANAY\.m2\repository\org\ow2\asm\asm\5.0.4\asm-5.0.4.jar;C:\Users\PRANAY\.m2\repository\jakarta\xml\bind\jakarta.xml.bind-api\2.3.3\jakarta.xml.bind-api-2.3.3.jar;C:\Users\PRANAY\.m2\repository\jakarta\activation\jakarta.activation-api\1.2.2\jakarta.activation-api-1.2.2.jar;C:\Users\PRANAY\.m2\repository\org\assertj\assertj-core\3.16.1\assertj-core-3.16.1.jar;C:\Users\PRANAY\.m2\repository\org\hamcrest\hamcrest\2.2\hamcrest-2.2.jar;C:\Users\PRANAY\.m2\repository\org\junit\jupiter\junit-jupiter\5.6.2\junit-jupiter-5.6.2.jar;C:\Users\PRANAY\.m2\repository\org\junit\jupiter\junit-jupiter-api\5.6.2\junit-jupiter-api-5.6.2.jar;C:\Users\PRANAY\.m2\repository\org\opentest4j\opentest4j\1.2.0\opentest4j-1.2.0.jar;C:\Users\PRANAY\.m2\repository\org\junit\platform\junit-platform-commons\1.6.2\junit-platform-commons-1.6.2.jar;C:\Users\PRANAY\.m2\repository\org\junit\jupiter\junit-jupiter-params\5.6.2\junit-jupiter-params-5.6.2.jar;C:\Users\PRANAY\.m2\repository\org\junit\jupiter\junit-jupiter-engine\5.6.2\junit-jupiter-engine-5.6.2.jar;C:\Users\PRANAY\.m2\repository\org\junit\vintage\junit-vintage-engine\5.6.2\junit-vintage-engine-5.6.2.jar;C:\Users\PRANAY\.m2\repository\org\apiguardian\apiguardian-api\1.1.0\apiguardian-api-1.1.0.jar;C:\Users\PRANAY\.m2\repository\org\junit\platform\junit-platform-engine\1.6.2\junit-platform-engine-1.6.2.jar;C:\Users\PRANAY\.m2\repository\junit\junit\4.13\junit-4.13.jar;C:\Users\PRANAY\.m2\repository\org\mockito\mockito-core\3.3.3\mockito-core-3.3.3.jar;C:\Users\PRANAY\.m2\repository\net\bytebuddy\byte-buddy\1.10.14\byte-buddy-1.10.14.jar;C:\Users\PRANAY\.m2\repository\net\bytebuddy\byte-buddy-agent\1.10.14\byte-buddy-agent-1.10.14.jar;C:\Users\PRANAY\.m2\repository\org\objenesis\objenesis\2.6\objenesis-2.6.jar;C:\Users\PRANAY\.m2\repository\org\mockito\mockito-junit-jupiter\3.3.3\mockito-junit-jupiter-3.3.3.jar;C:\Users\PRANAY\.m2\repository\org\skyscreamer\jsonassert\1.5.0\jsonassert-1.5.0.jar;C:\Users\PRANAY\.m2\repository\com\vaadin\external\google\android-json\0.0.20131108.vaadin1\android-json-0.0.20131108.vaadin1.jar;C:\Users\PRANAY\.m2\repository\org\springframework\spring-core\5.2.8.RELEASE\spring-core-5.2.8.RELEASE.jar;C:\Users\PRANAY\.m2\repository\org\springframework\spring-jcl\5.2.8.RELEASE\spring-jcl-5.2.8.RELEASE.jar;C:\Users\PRANAY\.m2\repository\org\springframework\spring-test\5.2.8.RELEASE\spring-test-5.2.8.RELEASE.jar;C:\Users\PRANAY\.m2\repository\org\xmlunit\xmlunit-core\2.7.0\xmlunit-core-2.7.0.jar;"/>
    <property name="sun.cpu.endian" value="little"/>
    <property name="user.home" value="C:\Users\PRANAY"/>
    <property name="user.language" value="en"/>
    <property name="java.specification.vendor" value="Oracle Corporation"/>
    <property name="java.version.date" value="2021-10-19"/>
    <property name="java.home" value="E:\Installation\java11"/>
    <property name="file.separator" value="\"/>
    <property name="basedir" value="E:\Pranay_Stuff\Saga-Choreography-Design_Pattern\payment-service"/>
    <property name="java.vm.compressedOopsMode" value="32-bit"/>
    <property name="line.separator" value="&#10;"/>
    <property name="java.specification.name" value="Java Platform API Specification"/>
    <property name="java.vm.specification.vendor" value="Oracle Corporation"/>
    <property name="java.awt.graphicsenv" value="sun.awt.Win32GraphicsEnvironment"/>
    <property name="surefire.real.class.path" value="C:\Users\PRANAY\AppData\Local\Temp\surefire17603714891261407394\surefirebooter13689298012623868278.jar"/>
    <property name="user.script" value=""/>
    <property name="sun.management.compiler" value="HotSpot 64-Bit Tiered Compilers"/>
    <property name="java.runtime.version" value="11.0.13+10-LTS-370"/>
    <property name="user.name" value="PRANAY"/>
    <property name="path.separator" value=";"/>
    <property name="os.version" value="10.0"/>
    <property name="java.runtime.name" value="Java(TM) SE Runtime Environment"/>
    <property name="file.encoding" value="Cp1252"/>
    <property name="java.vm.name" value="Java HotSpot(TM) 64-Bit Server VM"/>
    <property name="java.vendor.version" value="18.9"/>
    <property name="localRepository" value="C:\Users\PRANAY\.m2\repository"/>
    <property name="java.vendor.url.bug" value="https://bugreport.java.com/bugreport/"/>
    <property name="java.io.tmpdir" value="C:\Users\PRANAY\AppData\Local\Temp\"/>
    <property name="idea.version" value="2021.2.2"/>
    <property name="java.version" value="11.0.13"/>
    <property name="user.dir" value="E:\Pranay_Stuff\Saga-Choreography-Design_Pattern\payment-service"/>
    <property name="os.arch" value="amd64"/>
    <property name="java.vm.specification.name" value="Java Virtual Machine Specification"/>
    <property name="java.awt.printerjob" value="sun.awt.windows.WPrinterJob"/>
    <property name="sun.os.patch.level" value=""/>
    <property name="java.library.path" value="E:\Installation\java11\bin;C:\WINDOWS\Sun\Java\bin;C:\WINDOWS\system32;C:\WINDOWS;C:\Program Files\Common Files\Oracle\Java\javapath;E:\Installation\oracle_18c\dbhomeXE\bin;C:\Program Files (x86)\Common Files\Oracle\Java\javapath;C:\WINDOWS\system32;C:\WINDOWS;C:\WINDOWS\System32\Wbem;C:\WINDOWS\System32\WindowsPowerShell\v1.0\;C:\WINDOWS\System32\OpenSSH\;E:\Installation\java\bin;E:\Software\apache-maven-3.5.0\bin;C:\Program Files\Kubernetes\Minikube;C:\Program Files\Docker\Docker\resources\bin;C:\ProgramData\DockerDesktop\version-bin;E:\Installation\Git\cmd;C:\Program Files\Go\bin;E:\Installation\java\bin;D:\Java_Soft\kafka_2.13-2.5.0\kafka\bin\windows;C:\Users\PRANAY\AppData\Local\Microsoft\WindowsApps;C:\minikube;C:\Users\PRANAY\go\bin;E:\Installation\grpcurl_1.8.5_windows_x86_64;;."/>
    <property name="java.vendor" value="Oracle Corporation"/>
    <property name="java.vm.info" value="mixed mode"/>
    <property name="java.vm.version" value="11.0.13+10-LTS-370"/>
    <property name="sun.io.unicode.encoding" value="UnicodeLittle"/>
    <property name="java.class.version" value="55.0"/>
  </properties>
  <testcase name="shouldAnswerWithTrue" classname="org.dutta.AppTest" time="0"/>
</testsuite>